[debug] [2023-03-15T22:20:48.035Z] ----------------------------------------------------------------------
[debug] [2023-03-15T22:20:48.035Z] Command:       /usr/local/bin/node /Users/ismailsalah/.npm-global/bin/firebase init
[debug] [2023-03-15T22:20:48.035Z] CLI Version:   9.17.0
[debug] [2023-03-15T22:20:48.036Z] Platform:      darwin
[debug] [2023-03-15T22:20:48.036Z] Node Version:  v18.12.1
[debug] [2023-03-15T22:20:48.036Z] Time:          Thu Mar 16 2023 01:20:48 GMT+0300 (Arabian Standard Time)
[debug] [2023-03-15T22:20:48.036Z] ----------------------------------------------------------------------
[debug] 
[debug] [2023-03-15T22:20:48.038Z] > command requires scopes: ["email","openid","https://www.googleapis.com/auth/cloudplatformprojects.readonly","https://www.googleapis.com/auth/firebase","https://www.googleapis.com/auth/cloud-platform"]
[debug] [2023-03-15T22:20:48.038Z] > authorizing via signed-in user (ismail.merced3@gmail.com)
[info] 
     ######## #### ########  ######## ########     ###     ######  ########
     ##        ##  ##     ## ##       ##     ##  ##   ##  ##       ##
     ######    ##  ########  ######   ########  #########  ######  ######
     ##        ##  ##    ##  ##       ##     ## ##     ##       ## ##
     ##       #### ##     ## ######## ########  ##     ##  ######  ########

You're about to initialize a Firebase project in this directory:

  /Users/ismailsalah/Desktop/app/client

[info] 
=== Project Setup
[info] 
[info] First, let's associate this project directory with a Firebase project.
[info] You can create multiple project aliases by running firebase use --add, 
[info] but for now we'll just set up a default project.
[info] 
[debug] [2023-03-15T22:22:14.820Z] >>> [apiv2][query] GET https://firebase.googleapis.com/v1beta1/projects pageSize=100
[debug] [2023-03-15T22:22:15.853Z] <<< [apiv2][status] GET https://firebase.googleapis.com/v1beta1/projects 200
[debug] [2023-03-15T22:22:15.854Z] <<< [apiv2][body] GET https://firebase.googleapis.com/v1beta1/projects [omitted]
[info] i  Using project center-76d2a (center) 
[info] 
=== Hosting Setup
[info] 
[info] Your public directory is the folder (relative to your project directory) that
[info] will contain Hosting assets to be uploaded with firebase deploy. If you
[info] have a build process for your assets, use your build's output directory.
[info] 
[info] ✔  Wrote public/404.html 
[debug] [2023-03-15T22:23:43.805Z] >>> [apiv2][query] GET https://www.gstatic.com/firebasejs/releases.json [none]
[debug] [2023-03-15T22:23:44.174Z] <<< [apiv2][status] GET https://www.gstatic.com/firebasejs/releases.json 200
[debug] [2023-03-15T22:23:44.174Z] <<< [apiv2][body] GET https://www.gstatic.com/firebasejs/releases.json {"current":{"version":"9.17.2","browserURL":"https://www.gstatic.com/firebasejs/9.17.2/firebase.js","packageURL":"https://www.gstatic.com/firebasejs/9.17.2/firebase.tgz"},"live":{"version":"9.17","browserURL":"https://www.gstatic.com/firebasejs/live/9.17/firebase.js","packageURL":"https://www.gstatic.com/firebasejs/live/9.17/firebase.tgz"},"components":{"analytics":"https://www.gstatic.com/firebasejs/9.17.2/firebase-analytics.js","app":"https://www.gstatic.com/firebasejs/9.17.2/firebase-app.js","app-check":"https://www.gstatic.com/firebasejs/9.17.2/firebase-app-check.js","auth":"https://www.gstatic.com/firebasejs/9.17.2/firebase-auth.js","auth/cordova":"https://www.gstatic.com/firebasejs/9.17.2/firebase-auth/cordova.js","auth/react-native":"https://www.gstatic.com/firebasejs/9.17.2/firebase-auth/react-native.js","functions":"https://www.gstatic.com/firebasejs/9.17.2/firebase-functions.js","firestore":"https://www.gstatic.com/firebasejs/9.17.2/firebase-firestore.js","firestore/lite":"https://www.gstatic.com/firebasejs/9.17.2/firebase-firestore/lite.js","installations":"https://www.gstatic.com/firebasejs/9.17.2/firebase-installations.js","storage":"https://www.gstatic.com/firebasejs/9.17.2/firebase-storage.js","performance":"https://www.gstatic.com/firebasejs/9.17.2/firebase-performance.js","remote-config":"https://www.gstatic.com/firebasejs/9.17.2/firebase-remote-config.js","messaging":"https://www.gstatic.com/firebasejs/9.17.2/firebase-messaging.js","messaging/sw":"https://www.gstatic.com/firebasejs/9.17.2/firebase-messaging/sw.js","database":"https://www.gstatic.com/firebasejs/9.17.2/firebase-database.js","firestore.memory":"https://www.gstatic.com/firebasejs/9.17.2/firebase-firestore.memory.js"}}
[info] i  Skipping write of public/index.html 
[info] 
[info] i  Detected a .git folder at /Users/ismailsalah/Desktop/app/client 
[info] i  Authorizing with GitHub to upload your service account to a GitHub repository's secrets store. 
[info] 
[info] Visit this URL on this device to log in:
[info] https://github.com/login/oauth/authorize?client_id=89cf50f02ac6aaed3484&state=930709861&redirect_uri=http%3A%2F%2Flocalhost%3A9005&scope=read%3Auser%20repo%20public_repo
[info] 
[info] Waiting for authentication...
[debug] [2023-03-15T22:24:57.437Z] >>> HTTP REQUEST POST https://github.com/login/oauth/access_token  
 {"client_id":"89cf50f02ac6aaed3484","client_secret":"3330d14abc895d9a74d5f17cd7a00711fa2c5bf0","code":"403544432d3f7d01d255","redirect_uri":"http://localhost:9005","state":"930709861"}
[debug] [2023-03-15T22:24:58.480Z] <<< HTTP RESPONSE 200 {"server":"GitHub.com","date":"Wed, 15 Mar 2023 22:24:57 GMT","content-type":"application/json; charset=utf-8","transfer-encoding":"chunked","vary":"X-PJAX, X-PJAX-Container, Turbo-Visit, Turbo-Frame, Accept-Encoding, Accept, X-Requested-With","etag":"W/\"bb4c400628473170bc1abd41d24c7b38\"","cache-control":"max-age=0, private, must-revalidate","strict-transport-security":"max-age=31536000; includeSubdomains; preload","x-frame-options":"deny","x-content-type-options":"nosniff","x-xss-protection":"0","referrer-policy":"origin-when-cross-origin, strict-origin-when-cross-origin","content-security-policy":"default-src 'none'; base-uri 'self'; block-all-mixed-content; child-src github.com/assets-cdn/worker/ gist.github.com/assets-cdn/worker/; connect-src 'self' uploads.github.com objects-origin.githubusercontent.com www.githubstatus.com collector.github.com raw.githubusercontent.com api.github.com github-cloud.s3.amazonaws.com github-production-repository-file-5c1aeb.s3.amazonaws.com github-production-upload-manifest-file-7fdce7.s3.amazonaws.com github-production-user-asset-6210df.s3.amazonaws.com cdn.optimizely.com logx.optimizely.com/v1/events *.actions.githubusercontent.com productionresultssa0.blob.core.windows.net/ productionresultssa1.blob.core.windows.net/ productionresultssa2.blob.core.windows.net/ productionresultssa3.blob.core.windows.net/ productionresultssa4.blob.core.windows.net/ wss://*.actions.githubusercontent.com online.visualstudio.com/api/v1/locations github-production-repository-image-32fea6.s3.amazonaws.com github-production-release-asset-2e65be.s3.amazonaws.com insights.github.com wss://alive.github.com; font-src github.githubassets.com; form-action 'self' github.com gist.github.com objects-origin.githubusercontent.com; frame-ancestors 'none'; frame-src viewscreen.githubusercontent.com notebooks.githubusercontent.com; img-src 'self' data: github.githubassets.com media.githubusercontent.com camo.githubusercontent.com identicons.github.com avatars.githubusercontent.com github-cloud.s3.amazonaws.com objects.githubusercontent.com objects-origin.githubusercontent.com secured-user-images.githubusercontent.com/ user-images.githubusercontent.com/ private-user-images.githubusercontent.com opengraph.githubassets.com github-production-user-asset-6210df.s3.amazonaws.com customer-stories-feed.github.com spotlights-feed.github.com *.githubusercontent.com; manifest-src 'self'; media-src github.com user-images.githubusercontent.com/ secured-user-images.githubusercontent.com/ private-user-images.githubusercontent.com; script-src github.githubassets.com; style-src 'unsafe-inline' github.githubassets.com; worker-src github.com/assets-cdn/worker/ gist.github.com/assets-cdn/worker/","x-github-request-id":"D10D:0F8F:1A139834:1AE28B76:641245B9"}
[debug] [2023-03-15T22:24:58.485Z] >>> [apiv2][query] GET https://api.github.com/user [none]
[debug] [2023-03-15T22:25:01.282Z] <<< [apiv2][status] GET https://api.github.com/user 200
[debug] [2023-03-15T22:25:01.283Z] <<< [apiv2][body] GET https://api.github.com/user {"login":"IsmailJunior","id":111834969,"node_id":"U_kgDOBqp3WQ","avatar_url":"https://avatars.githubusercontent.com/u/111834969?v=4","gravatar_id":"","url":"https://api.github.com/users/IsmailJunior","html_url":"https://github.com/IsmailJunior","followers_url":"https://api.github.com/users/IsmailJunior/followers","following_url":"https://api.github.com/users/IsmailJunior/following{/other_user}","gists_url":"https://api.github.com/users/IsmailJunior/gists{/gist_id}","starred_url":"https://api.github.com/users/IsmailJunior/starred{/owner}{/repo}","subscriptions_url":"https://api.github.com/users/IsmailJunior/subscriptions","organizations_url":"https://api.github.com/users/IsmailJunior/orgs","repos_url":"https://api.github.com/users/IsmailJunior/repos","events_url":"https://api.github.com/users/IsmailJunior/events{/privacy}","received_events_url":"https://api.github.com/users/IsmailJunior/received_events","type":"User","site_admin":false,"name":"Ismail Salah","company":null,"blog":"","location":"Iraq","email":null,"hireable":null,"bio":null,"twitter_username":"ismailMerced","public_repos":13,"public_gists":0,"followers":0,"following":4,"created_at":"2022-08-23T03:38:02Z","updated_at":"2023-03-10T09:05:19Z","private_gists":0,"total_private_repos":0,"owned_private_repos":0,"disk_usage":66622,"collaborators":0,"two_factor_authentication":false,"plan":{"name":"free","space":976562499,"collaborators":0,"private_repos":10000}}
[info] 
[info] ✔  Success! Logged into GitHub as IsmailJunior 
[info] 
[debug] [2023-03-15T22:29:15.936Z] >>> [apiv2][query] GET https://api.github.com/repos/IsmailJunior/Manger-System/tree/firebase/actions/secrets/public-key type=owner
[debug] [2023-03-15T22:29:16.478Z] <<< [apiv2][status] GET https://api.github.com/repos/IsmailJunior/Manger-System/tree/firebase/actions/secrets/public-key 404
[debug] [2023-03-15T22:29:16.478Z] <<< [apiv2][body] GET https://api.github.com/repos/IsmailJunior/Manger-System/tree/firebase/actions/secrets/public-key {"message":"Not Found","documentation_url":"https://docs.github.com/rest"}
[debug] [2023-03-15T22:29:46.522Z] >>> [apiv2][query] GET https://api.github.com/repos/IsmailJunior/Manger-System/tree/firebase/actions/secrets/public-key type=owner
[debug] [2023-03-15T22:29:47.550Z] <<< [apiv2][status] GET https://api.github.com/repos/IsmailJunior/Manger-System/tree/firebase/actions/secrets/public-key 404
[debug] [2023-03-15T22:29:47.550Z] <<< [apiv2][body] GET https://api.github.com/repos/IsmailJunior/Manger-System/tree/firebase/actions/secrets/public-key {"message":"Not Found","documentation_url":"https://docs.github.com/rest"}
